c:\users\hp\desktop\github\oop23_1\oop_project_qt\x64\debug\date.obj
c:\users\hp\desktop\github\oop23_1\oop_project_qt\x64\debug\planner.obj
c:\users\hp\desktop\github\oop23_1\oop_project_qt\x64\debug\meal.obj
c:\users\hp\desktop\github\oop23_1\oop_project_qt\x64\debug\main.obj
c:\users\hp\desktop\github\oop23_1\oop_project_qt\x64\debug\recipedb.obj
c:\users\hp\desktop\github\oop23_1\oop_project_qt\x64\debug\recipe.obj
c:\users\hp\desktop\github\oop23_1\oop_project_qt\x64\debug\oop_project_qt.obj
c:\users\hp\desktop\github\oop23_1\oop_project_qt\x64\debug\greeter.obj
c:\users\hp\desktop\github\oop23_1\oop_project_qt\x64\debug\vc143.pdb
c:\users\hp\desktop\github\oop23_1\oop_project_qt\x64\debug\moc_oop_project_qt.obj
c:\users\hp\desktop\github\oop23_1\oop_project_qt\x64\debug\qrc_oop_project_qt.obj
c:\users\hp\desktop\github\oop23_1\oop_project_qt\x64\debug\oop_project_qt.exe
c:\users\hp\desktop\github\oop23_1\oop_project_qt\x64\debug\oop_project_qt.ilk
c:\users\hp\desktop\github\oop23_1\oop_project_qt\x64\debug\oop_project_qt.pdb
c:\users\hp\desktop\github\oop23_1\oop_project_qt\x64\debug\moc\moc_oop_project_qt.cpp
c:\users\hp\desktop\github\oop23_1\oop_project_qt\x64\debug\uic\ui_recipeinputwindow.h
c:\users\hp\desktop\github\oop23_1\oop_project_qt\x64\debug\uic\ui_dateinputwindow.h
c:\users\hp\desktop\github\oop23_1\oop_project_qt\x64\debug\uic\ui_datelistwindow.h
c:\users\hp\desktop\github\oop23_1\oop_project_qt\x64\debug\uic\ui_dateviewwindow.h
c:\users\hp\desktop\github\oop23_1\oop_project_qt\x64\debug\uic\ui_recipeviewwindow.h
c:\users\hp\desktop\github\oop23_1\oop_project_qt\x64\debug\uic\ui_recipelistwindow.h
c:\users\hp\desktop\github\oop23_1\oop_project_qt\x64\debug\uic\ui_mainwindow.h
c:\users\hp\desktop\github\oop23_1\oop_project_qt\x64\debug\rcc\qrc_oop_project_qt.cpp
c:\users\hp\desktop\github\oop23_1\oop_project_qt\x64\debug\qt6cored.dll
c:\users\hp\desktop\github\oop23_1\oop_project_qt\x64\debug\qt6guid.dll
c:\users\hp\desktop\github\oop23_1\oop_project_qt\x64\debug\qt6networkd.dll
c:\users\hp\desktop\github\oop23_1\oop_project_qt\x64\debug\qt6pdfd.dll
c:\users\hp\desktop\github\oop23_1\oop_project_qt\x64\debug\qt6svgd.dll
c:\users\hp\desktop\github\oop23_1\oop_project_qt\x64\debug\qt6widgetsd.dll
c:\users\hp\desktop\github\oop23_1\oop_project_qt\x64\debug\opengl32sw.dll
c:\users\hp\desktop\github\oop23_1\oop_project_qt\x64\debug\d3dcompiler_47.dll
c:\users\hp\desktop\github\oop23_1\oop_project_qt\x64\debug\generic\qtuiotouchplugind.dll
c:\users\hp\desktop\github\oop23_1\oop_project_qt\x64\debug\iconengines\qsvgicond.dll
c:\users\hp\desktop\github\oop23_1\oop_project_qt\x64\debug\imageformats\qgifd.dll
c:\users\hp\desktop\github\oop23_1\oop_project_qt\x64\debug\imageformats\qicnsd.dll
c:\users\hp\desktop\github\oop23_1\oop_project_qt\x64\debug\imageformats\qicod.dll
c:\users\hp\desktop\github\oop23_1\oop_project_qt\x64\debug\imageformats\qjpegd.dll
c:\users\hp\desktop\github\oop23_1\oop_project_qt\x64\debug\imageformats\qpdfd.dll
c:\users\hp\desktop\github\oop23_1\oop_project_qt\x64\debug\imageformats\qsvgd.dll
c:\users\hp\desktop\github\oop23_1\oop_project_qt\x64\debug\imageformats\qtgad.dll
c:\users\hp\desktop\github\oop23_1\oop_project_qt\x64\debug\imageformats\qtiffd.dll
c:\users\hp\desktop\github\oop23_1\oop_project_qt\x64\debug\imageformats\qwbmpd.dll
c:\users\hp\desktop\github\oop23_1\oop_project_qt\x64\debug\imageformats\qwebpd.dll
c:\users\hp\desktop\github\oop23_1\oop_project_qt\x64\debug\networkinformation\qnetworklistmanagerd.dll
c:\users\hp\desktop\github\oop23_1\oop_project_qt\x64\debug\platforms\qwindowsd.dll
c:\users\hp\desktop\github\oop23_1\oop_project_qt\x64\debug\styles\qwindowsvistastyled.dll
c:\users\hp\desktop\github\oop23_1\oop_project_qt\x64\debug\tls\qcertonlybackendd.dll
c:\users\hp\desktop\github\oop23_1\oop_project_qt\x64\debug\tls\qopensslbackendd.dll
c:\users\hp\desktop\github\oop23_1\oop_project_qt\x64\debug\tls\qschannelbackendd.dll
c:\users\hp\desktop\github\oop23_1\oop_project_qt\x64\debug\translations\qt_ar.qm
c:\users\hp\desktop\github\oop23_1\oop_project_qt\x64\debug\translations\qt_bg.qm
c:\users\hp\desktop\github\oop23_1\oop_project_qt\x64\debug\translations\qt_ca.qm
c:\users\hp\desktop\github\oop23_1\oop_project_qt\x64\debug\translations\qt_cs.qm
c:\users\hp\desktop\github\oop23_1\oop_project_qt\x64\debug\translations\qt_da.qm
c:\users\hp\desktop\github\oop23_1\oop_project_qt\x64\debug\translations\qt_de.qm
c:\users\hp\desktop\github\oop23_1\oop_project_qt\x64\debug\translations\qt_en.qm
c:\users\hp\desktop\github\oop23_1\oop_project_qt\x64\debug\translations\qt_es.qm
c:\users\hp\desktop\github\oop23_1\oop_project_qt\x64\debug\translations\qt_fa.qm
c:\users\hp\desktop\github\oop23_1\oop_project_qt\x64\debug\translations\qt_fi.qm
c:\users\hp\desktop\github\oop23_1\oop_project_qt\x64\debug\translations\qt_fr.qm
c:\users\hp\desktop\github\oop23_1\oop_project_qt\x64\debug\translations\qt_gd.qm
c:\users\hp\desktop\github\oop23_1\oop_project_qt\x64\debug\translations\qt_he.qm
c:\users\hp\desktop\github\oop23_1\oop_project_qt\x64\debug\translations\qt_hr.qm
c:\users\hp\desktop\github\oop23_1\oop_project_qt\x64\debug\translations\qt_hu.qm
c:\users\hp\desktop\github\oop23_1\oop_project_qt\x64\debug\translations\qt_it.qm
c:\users\hp\desktop\github\oop23_1\oop_project_qt\x64\debug\translations\qt_ja.qm
c:\users\hp\desktop\github\oop23_1\oop_project_qt\x64\debug\translations\qt_ko.qm
c:\users\hp\desktop\github\oop23_1\oop_project_qt\x64\debug\translations\qt_lv.qm
c:\users\hp\desktop\github\oop23_1\oop_project_qt\x64\debug\translations\qt_nl.qm
c:\users\hp\desktop\github\oop23_1\oop_project_qt\x64\debug\translations\qt_nn.qm
c:\users\hp\desktop\github\oop23_1\oop_project_qt\x64\debug\translations\qt_pl.qm
c:\users\hp\desktop\github\oop23_1\oop_project_qt\x64\debug\translations\qt_pt_br.qm
c:\users\hp\desktop\github\oop23_1\oop_project_qt\x64\debug\translations\qt_ru.qm
c:\users\hp\desktop\github\oop23_1\oop_project_qt\x64\debug\translations\qt_sk.qm
c:\users\hp\desktop\github\oop23_1\oop_project_qt\x64\debug\translations\qt_tr.qm
c:\users\hp\desktop\github\oop23_1\oop_project_qt\x64\debug\translations\qt_uk.qm
c:\users\hp\desktop\github\oop23_1\oop_project_qt\x64\debug\translations\qt_zh_cn.qm
c:\users\hp\desktop\github\oop23_1\oop_project_qt\x64\debug\translations\qt_zh_tw.qm
c:\users\hp\desktop\github\oop23_1\oop_project_qt\x64\debug\windeployqt.log
c:\users\hp\desktop\github\oop23_1\oop_project_qt\x64\debug\oop_project_qt.tlog\cl.command.1.tlog
c:\users\hp\desktop\github\oop23_1\oop_project_qt\x64\debug\oop_project_qt.tlog\cl.items.tlog
c:\users\hp\desktop\github\oop23_1\oop_project_qt\x64\debug\oop_project_qt.tlog\cl.read.1.tlog
c:\users\hp\desktop\github\oop23_1\oop_project_qt\x64\debug\oop_project_qt.tlog\cl.write.1.tlog
c:\users\hp\desktop\github\oop23_1\oop_project_qt\x64\debug\oop_project_qt.tlog\link.command.1.tlog
c:\users\hp\desktop\github\oop23_1\oop_project_qt\x64\debug\oop_project_qt.tlog\link.read.1.tlog
c:\users\hp\desktop\github\oop23_1\oop_project_qt\x64\debug\oop_project_qt.tlog\link.write.1.tlog
c:\users\hp\desktop\github\oop23_1\oop_project_qt\x64\debug\oop_project_qt.tlog\moc.read.1u.tlog
c:\users\hp\desktop\github\oop23_1\oop_project_qt\x64\debug\oop_project_qt.tlog\moc.write.1u.tlog
c:\users\hp\desktop\github\oop23_1\oop_project_qt\x64\debug\oop_project_qt.tlog\oop_project_qt.write.1u.tlog
c:\users\hp\desktop\github\oop23_1\oop_project_qt\x64\debug\oop_project_qt.tlog\rcc.read.1u.tlog
c:\users\hp\desktop\github\oop23_1\oop_project_qt\x64\debug\oop_project_qt.tlog\rcc.write.1u.tlog
c:\users\hp\desktop\github\oop23_1\oop_project_qt\x64\debug\oop_project_qt.tlog\uic.read.1u.tlog
c:\users\hp\desktop\github\oop23_1\oop_project_qt\x64\debug\oop_project_qt.tlog\uic.write.1u.tlog
c:\users\hp\desktop\github\oop23_1\oop_project_qt\x64\debug\oop_project_qt.tlog\windeployqt.read.1u.tlog
c:\users\hp\desktop\github\oop23_1\oop_project_qt\x64\debug\oop_project_qt.tlog\windeployqt.write.1u.tlog
