  uic RecipeInputWindow.ui
  uic DateInputWindow.ui
  uic DateListWindow.ui
  uic DateViewWindow.ui
  uic RecipeViewWindow.ui
  uic RecipeListWindow.ui
  uic MainWindow.ui
  rcc OOP_Project_Qt.qrc
  moc OOP_Project_Qt.h
   RCC: Warning: No resources in 'C:\Users\hp\Desktop\Github\OOP23_1\OOP_Project_Qt\OOP_Project_Qt.qrc'.
  date.cpp
  Greeter.cpp
  Meal.cpp
  Planner.cpp
  RecipeDB.cpp
  Recipe.cpp
  OOP_Project_Qt.cpp
  main.cpp
C:\Users\hp\Desktop\Github\OOP23_1\OOP_Project_Qt\Planner.cpp(114): warning C4715: 'Planner::searchPlan': 모든 제어 경로에서 값을 반환하지는 않습니다.
C:\Users\hp\Desktop\Github\OOP23_1\OOP_Project_Qt\Planner.cpp(125): warning C4715: 'Planner::searchPlan': 모든 제어 경로에서 값을 반환하지는 않습니다.
  qrc_OOP_Project_Qt.cpp
  moc_OOP_Project_Qt.cpp
  OOP_Project_Qt.vcxproj -> C:\Users\hp\Desktop\Github\OOP23_1\OOP_Project_Qt\x64\Debug\OOP_Project_Qt.exe
  windeployqt: "C:/Qt/6.5.3/msvc2019_64/bin\windeployqt.exe" --list target --dir C:\Users\hp\Desktop\Github\OOP23_1\OOP_Project_Qt\x64\Debug\ C:\Users\hp\Desktop\Github\OOP23_1\OOP_Project_Qt\x64\Debug\OOP_Project_Qt.exe
EXEC : warning : Cannot find Visual Studio installation directory, VCINSTALLDIR is not set.
