Skipping plugin qinsighttrackerd.dll. Use -deploy-insighttracker if you want to use it.
C:\Users\hp\Desktop\Github\OOP23_1\OOP_Project_Qt\x64\Debug\\Qt6Cored.dll
C:\Users\hp\Desktop\Github\OOP23_1\OOP_Project_Qt\x64\Debug\\Qt6Guid.dll
C:\Users\hp\Desktop\Github\OOP23_1\OOP_Project_Qt\x64\Debug\\Qt6Networkd.dll
C:\Users\hp\Desktop\Github\OOP23_1\OOP_Project_Qt\x64\Debug\\Qt6Pdfd.dll
C:\Users\hp\Desktop\Github\OOP23_1\OOP_Project_Qt\x64\Debug\\Qt6Svgd.dll
C:\Users\hp\Desktop\Github\OOP23_1\OOP_Project_Qt\x64\Debug\\Qt6Widgetsd.dll
C:\Users\hp\Desktop\Github\OOP23_1\OOP_Project_Qt\x64\Debug\\opengl32sw.dll
C:\Users\hp\Desktop\Github\OOP23_1\OOP_Project_Qt\x64\Debug\\D3Dcompiler_47.dll
C:\Users\hp\Desktop\Github\OOP23_1\OOP_Project_Qt\x64\Debug\generic\qtuiotouchplugind.dll
C:\Users\hp\Desktop\Github\OOP23_1\OOP_Project_Qt\x64\Debug\iconengines\qsvgicond.dll
C:\Users\hp\Desktop\Github\OOP23_1\OOP_Project_Qt\x64\Debug\imageformats\qgifd.dll
C:\Users\hp\Desktop\Github\OOP23_1\OOP_Project_Qt\x64\Debug\imageformats\qicnsd.dll
C:\Users\hp\Desktop\Github\OOP23_1\OOP_Project_Qt\x64\Debug\imageformats\qicod.dll
C:\Users\hp\Desktop\Github\OOP23_1\OOP_Project_Qt\x64\Debug\imageformats\qjpegd.dll
C:\Users\hp\Desktop\Github\OOP23_1\OOP_Project_Qt\x64\Debug\imageformats\qpdfd.dll
C:\Users\hp\Desktop\Github\OOP23_1\OOP_Project_Qt\x64\Debug\imageformats\qsvgd.dll
C:\Users\hp\Desktop\Github\OOP23_1\OOP_Project_Qt\x64\Debug\imageformats\qtgad.dll
C:\Users\hp\Desktop\Github\OOP23_1\OOP_Project_Qt\x64\Debug\imageformats\qtiffd.dll
C:\Users\hp\Desktop\Github\OOP23_1\OOP_Project_Qt\x64\Debug\imageformats\qwbmpd.dll
C:\Users\hp\Desktop\Github\OOP23_1\OOP_Project_Qt\x64\Debug\imageformats\qwebpd.dll
C:\Users\hp\Desktop\Github\OOP23_1\OOP_Project_Qt\x64\Debug\networkinformation\qnetworklistmanagerd.dll
C:\Users\hp\Desktop\Github\OOP23_1\OOP_Project_Qt\x64\Debug\platforms\qwindowsd.dll
C:\Users\hp\Desktop\Github\OOP23_1\OOP_Project_Qt\x64\Debug\styles\qwindowsvistastyled.dll
C:\Users\hp\Desktop\Github\OOP23_1\OOP_Project_Qt\x64\Debug\tls\qcertonlybackendd.dll
C:\Users\hp\Desktop\Github\OOP23_1\OOP_Project_Qt\x64\Debug\tls\qopensslbackendd.dll
C:\Users\hp\Desktop\Github\OOP23_1\OOP_Project_Qt\x64\Debug\tls\qschannelbackendd.dll
C:\Users\hp\Desktop\Github\OOP23_1\OOP_Project_Qt\x64\Debug\translations\qt_ar.qm
C:\Users\hp\Desktop\Github\OOP23_1\OOP_Project_Qt\x64\Debug\translations\qtbase_ar.qm
C:\Users\hp\Desktop\Github\OOP23_1\OOP_Project_Qt\x64\Debug\translations\qt_bg.qm
C:\Users\hp\Desktop\Github\OOP23_1\OOP_Project_Qt\x64\Debug\translations\qtbase_bg.qm
C:\Users\hp\Desktop\Github\OOP23_1\OOP_Project_Qt\x64\Debug\translations\qt_ca.qm
C:\Users\hp\Desktop\Github\OOP23_1\OOP_Project_Qt\x64\Debug\translations\qtbase_ca.qm
C:\Users\hp\Desktop\Github\OOP23_1\OOP_Project_Qt\x64\Debug\translations\qtwebengine_ca.qm
C:\Users\hp\Desktop\Github\OOP23_1\OOP_Project_Qt\x64\Debug\translations\qt_cs.qm
C:\Users\hp\Desktop\Github\OOP23_1\OOP_Project_Qt\x64\Debug\translations\qtbase_cs.qm
C:\Users\hp\Desktop\Github\OOP23_1\OOP_Project_Qt\x64\Debug\translations\qt_da.qm
C:\Users\hp\Desktop\Github\OOP23_1\OOP_Project_Qt\x64\Debug\translations\qtbase_da.qm
C:\Users\hp\Desktop\Github\OOP23_1\OOP_Project_Qt\x64\Debug\translations\qt_de.qm
C:\Users\hp\Desktop\Github\OOP23_1\OOP_Project_Qt\x64\Debug\translations\qtbase_de.qm
C:\Users\hp\Desktop\Github\OOP23_1\OOP_Project_Qt\x64\Debug\translations\qtwebengine_de.qm
C:\Users\hp\Desktop\Github\OOP23_1\OOP_Project_Qt\x64\Debug\translations\qt_en.qm
C:\Users\hp\Desktop\Github\OOP23_1\OOP_Project_Qt\x64\Debug\translations\qtbase_en.qm
C:\Users\hp\Desktop\Github\OOP23_1\OOP_Project_Qt\x64\Debug\translations\qtwebengine_en.qm
C:\Users\hp\Desktop\Github\OOP23_1\OOP_Project_Qt\x64\Debug\translations\qt_es.qm
C:\Users\hp\Desktop\Github\OOP23_1\OOP_Project_Qt\x64\Debug\translations\qtbase_es.qm
C:\Users\hp\Desktop\Github\OOP23_1\OOP_Project_Qt\x64\Debug\translations\qtwebengine_es.qm
C:\Users\hp\Desktop\Github\OOP23_1\OOP_Project_Qt\x64\Debug\translations\qt_fa.qm
C:\Users\hp\Desktop\Github\OOP23_1\OOP_Project_Qt\x64\Debug\translations\qtbase_fa.qm
C:\Users\hp\Desktop\Github\OOP23_1\OOP_Project_Qt\x64\Debug\translations\qt_fi.qm
C:\Users\hp\Desktop\Github\OOP23_1\OOP_Project_Qt\x64\Debug\translations\qtbase_fi.qm
C:\Users\hp\Desktop\Github\OOP23_1\OOP_Project_Qt\x64\Debug\translations\qt_fr.qm
C:\Users\hp\Desktop\Github\OOP23_1\OOP_Project_Qt\x64\Debug\translations\qtbase_fr.qm
C:\Users\hp\Desktop\Github\OOP23_1\OOP_Project_Qt\x64\Debug\translations\qt_gd.qm
C:\Users\hp\Desktop\Github\OOP23_1\OOP_Project_Qt\x64\Debug\translations\qtbase_gd.qm
C:\Users\hp\Desktop\Github\OOP23_1\OOP_Project_Qt\x64\Debug\translations\qt_he.qm
C:\Users\hp\Desktop\Github\OOP23_1\OOP_Project_Qt\x64\Debug\translations\qtbase_he.qm
C:\Users\hp\Desktop\Github\OOP23_1\OOP_Project_Qt\x64\Debug\translations\qt_hr.qm
C:\Users\hp\Desktop\Github\OOP23_1\OOP_Project_Qt\x64\Debug\translations\qtbase_hr.qm
C:\Users\hp\Desktop\Github\OOP23_1\OOP_Project_Qt\x64\Debug\translations\qt_hu.qm
C:\Users\hp\Desktop\Github\OOP23_1\OOP_Project_Qt\x64\Debug\translations\qtbase_hu.qm
C:\Users\hp\Desktop\Github\OOP23_1\OOP_Project_Qt\x64\Debug\translations\qt_it.qm
C:\Users\hp\Desktop\Github\OOP23_1\OOP_Project_Qt\x64\Debug\translations\qtbase_it.qm
C:\Users\hp\Desktop\Github\OOP23_1\OOP_Project_Qt\x64\Debug\translations\qt_ja.qm
C:\Users\hp\Desktop\Github\OOP23_1\OOP_Project_Qt\x64\Debug\translations\qtbase_ja.qm
C:\Users\hp\Desktop\Github\OOP23_1\OOP_Project_Qt\x64\Debug\translations\qt_ko.qm
C:\Users\hp\Desktop\Github\OOP23_1\OOP_Project_Qt\x64\Debug\translations\qtbase_ko.qm
C:\Users\hp\Desktop\Github\OOP23_1\OOP_Project_Qt\x64\Debug\translations\qtwebengine_ko.qm
C:\Users\hp\Desktop\Github\OOP23_1\OOP_Project_Qt\x64\Debug\translations\qt_lv.qm
C:\Users\hp\Desktop\Github\OOP23_1\OOP_Project_Qt\x64\Debug\translations\qtbase_lv.qm
C:\Users\hp\Desktop\Github\OOP23_1\OOP_Project_Qt\x64\Debug\translations\qt_nl.qm
C:\Users\hp\Desktop\Github\OOP23_1\OOP_Project_Qt\x64\Debug\translations\qtbase_nl.qm
C:\Users\hp\Desktop\Github\OOP23_1\OOP_Project_Qt\x64\Debug\translations\qt_nn.qm
C:\Users\hp\Desktop\Github\OOP23_1\OOP_Project_Qt\x64\Debug\translations\qtbase_nn.qm
C:\Users\hp\Desktop\Github\OOP23_1\OOP_Project_Qt\x64\Debug\translations\qt_pl.qm
C:\Users\hp\Desktop\Github\OOP23_1\OOP_Project_Qt\x64\Debug\translations\qtbase_pl.qm
C:\Users\hp\Desktop\Github\OOP23_1\OOP_Project_Qt\x64\Debug\translations\qtwebengine_pl.qm
C:\Users\hp\Desktop\Github\OOP23_1\OOP_Project_Qt\x64\Debug\translations\qt_pt_BR.qm
C:\Users\hp\Desktop\Github\OOP23_1\OOP_Project_Qt\x64\Debug\translations\qtbase_pt_BR.qm
C:\Users\hp\Desktop\Github\OOP23_1\OOP_Project_Qt\x64\Debug\translations\qt_ru.qm
C:\Users\hp\Desktop\Github\OOP23_1\OOP_Project_Qt\x64\Debug\translations\qtbase_ru.qm
C:\Users\hp\Desktop\Github\OOP23_1\OOP_Project_Qt\x64\Debug\translations\qtwebengine_ru.qm
C:\Users\hp\Desktop\Github\OOP23_1\OOP_Project_Qt\x64\Debug\translations\qt_sk.qm
C:\Users\hp\Desktop\Github\OOP23_1\OOP_Project_Qt\x64\Debug\translations\qtbase_sk.qm
C:\Users\hp\Desktop\Github\OOP23_1\OOP_Project_Qt\x64\Debug\translations\qt_tr.qm
C:\Users\hp\Desktop\Github\OOP23_1\OOP_Project_Qt\x64\Debug\translations\qtbase_tr.qm
C:\Users\hp\Desktop\Github\OOP23_1\OOP_Project_Qt\x64\Debug\translations\qt_uk.qm
C:\Users\hp\Desktop\Github\OOP23_1\OOP_Project_Qt\x64\Debug\translations\qtbase_uk.qm
C:\Users\hp\Desktop\Github\OOP23_1\OOP_Project_Qt\x64\Debug\translations\qtwebengine_uk.qm
C:\Users\hp\Desktop\Github\OOP23_1\OOP_Project_Qt\x64\Debug\translations\qt_zh_CN.qm
C:\Users\hp\Desktop\Github\OOP23_1\OOP_Project_Qt\x64\Debug\translations\qtbase_zh_CN.qm
C:\Users\hp\Desktop\Github\OOP23_1\OOP_Project_Qt\x64\Debug\translations\qtwebengine_zh_CN.qm
C:\Users\hp\Desktop\Github\OOP23_1\OOP_Project_Qt\x64\Debug\translations\qt_zh_TW.qm
C:\Users\hp\Desktop\Github\OOP23_1\OOP_Project_Qt\x64\Debug\translations\qtbase_zh_TW.qm
